#
# There is insufficient memory for the Java Runtime Environment to continue.
# Native memory allocation (malloc) failed to allocate 32744 bytes for ChunkPool::allocate
# Possible reasons:
#   The system is out of physical RAM or swap space
#   In 32 bit mode, the process size limit was hit
# Possible solutions:
#   Reduce memory load on the system
#   Increase physical memory or swap space
#   Check if swap backing store is full
#   Use 64 bit Java on a 64 bit OS
#   Decrease Java heap size (-Xmx/-Xms)
#   Decrease number of Java threads
#   Decrease Java thread stack sizes (-Xss)
#   Set larger code cache with -XX:ReservedCodeCacheSize=
# This output file may be truncated or incomplete.
#
#  Out of Memory Error (allocation.cpp:273), pid=14096, tid=0x000000000000303c
#
# JRE version: Java(TM) SE Runtime Environment (8.0_131-b11) (build 1.8.0_131-b11)
# Java VM: Java HotSpot(TM) 64-Bit Server VM (25.131-b11 mixed mode windows-amd64 compressed oops)
# Failed to write core dump. Minidumps are not enabled by default on client versions of Windows
#

---------------  T H R E A D  ---------------

Current thread (0x0000000019478000):  JavaThread "C2 CompilerThread1" daemon [_thread_in_native, id=12348, stack(0x0000000019e30000,0x0000000019f30000)]

Stack: [0x0000000019e30000,0x0000000019f30000]
[error occurred during error reporting (printing stack bounds), id 0xc0000005]

Native frames: (J=compiled Java code, j=interpreted, Vv=VM code, C=native code)


Current CompileTask:
C2:   7962 1408       4       java.io.DataOutputStream::writeShort (35 bytes)


---------------  P R O C E S S  ---------------

Java Threads: ( => current thread )
  0x000000001a95d800 JavaThread "Abandoned connection cleanup thread" daemon [_thread_blocked, id=12116, stack(0x000000001af40000,0x000000001b040000)]
  0x00000000194fa800 JavaThread "Service Thread" daemon [_thread_blocked, id=4176, stack(0x000000001a030000,0x000000001a130000)]
  0x0000000019478800 JavaThread "C1 CompilerThread2" daemon [_thread_in_native, id=3736, stack(0x0000000019f30000,0x000000001a030000)]
=>0x0000000019478000 JavaThread "C2 CompilerThread1" daemon [_thread_in_native, id=12348, stack(0x0000000019e30000,0x0000000019f30000)]
  0x000000001947f000 JavaThread "C2 CompilerThread0" daemon [_thread_in_native, id=3884, stack(0x0000000019d30000,0x0000000019e30000)]
  0x0000000019453800 JavaThread "JDWP Command Reader" daemon [_thread_in_native, id=8888, stack(0x0000000019c30000,0x0000000019d30000)]
  0x0000000019450800 JavaThread "JDWP Event Helper Thread" daemon [_thread_blocked, id=11136, stack(0x0000000019b30000,0x0000000019c30000)]
  0x0000000019443800 JavaThread "JDWP Transport Listener: dt_socket" daemon [_thread_blocked, id=9456, stack(0x0000000019a30000,0x0000000019b30000)]
  0x0000000017fca800 JavaThread "Attach Listener" daemon [_thread_blocked, id=9268, stack(0x0000000019930000,0x0000000019a30000)]
  0x0000000017f7f000 JavaThread "Signal Dispatcher" daemon [_thread_blocked, id=10136, stack(0x0000000019830000,0x0000000019930000)]
  0x0000000017f59800 JavaThread "Finalizer" daemon [_thread_blocked, id=12656, stack(0x00000000191d0000,0x00000000192d0000)]
  0x0000000003382000 JavaThread "Reference Handler" daemon [_thread_blocked, id=10604, stack(0x00000000190d0000,0x00000000191d0000)]
  0x0000000002f2e800 JavaThread "main" [_thread_in_Java, id=7300, stack(0x0000000002e10000,0x0000000002f10000)]

Other Threads:
  0x0000000017f38000 VMThread [stack: 0x0000000018fd0000,0x00000000190d0000] [id=12496]
  0x0000000019525800 WatcherThread [stack: 0x000000001a130000,0x000000001a230000] [id=7560]

VM state:not at safepoint (normal execution)

VM Mutex/Monitor currently owned by a thread: None

Heap:
 PSYoungGen      total 38400K, used 27851K [0x00000000d5980000, 0x00000000d8400000, 0x0000000100000000)
  eden space 33280K, 68% used [0x00000000d5980000,0x00000000d6fbabd0,0x00000000d7a00000)
  from space 5120K, 99% used [0x00000000d7a00000,0x00000000d7ef8218,0x00000000d7f00000)
  to   space 5120K, 0% used [0x00000000d7f00000,0x00000000d7f00000,0x00000000d8400000)
 ParOldGen       total 87552K, used 338K [0x0000000080c00000, 0x0000000086180000, 0x00000000d5980000)
  object space 87552K, 0% used [0x0000000080c00000,0x0000000080c54828,0x0000000086180000)
 Metaspace       used 17638K, capacity 17972K, committed 18304K, reserved 1064960K
  class space    used 2041K, capacity 2142K, committed 2176K, reserved 1048576K

Card table byte_map: [0x0000000012750000,0x0000000012b50000] byte_map_base: 0x000000001234a000

Marking Bits: (ParMarkBitMap*) 0x000000005d89c720
 Begin Bits: [0x0000000013200000, 0x00000000151d0000)
 End Bits:   [0x00000000151d0000, 0x00000000171a0000)

Polling page: 0x0000000001230000

CodeCache: size=245760Kb used=5018Kb max_used=5018Kb free=240741Kb
 bounds [0x0000000003390000, 0x0000000003880000, 0x0000000012390000]
 total_blobs=1834 nmethods=1413 adapters=341
 compilation: enabled

Compilation events (10 events):
Event: 7.935 Thread 0x0000000019478000 1408       4       java.io.DataOutputStream::writeShort (35 bytes)
Event: 7.938 Thread 0x0000000019478800 1409       3       sun.misc.ProxyGenerator::access$1000 (7 bytes)
Event: 7.938 Thread 0x0000000019478800 nmethod 1409 0x000000000386f710 code [0x000000000386f880, 0x000000000386fa08]
Event: 7.942 Thread 0x0000000019478800 1412       3       sun.misc.ProxyGenerator::code_ipush (90 bytes)
Event: 7.944 Thread 0x0000000019478800 nmethod 1412 0x0000000003870a10 code [0x0000000003870c60, 0x0000000003871d08]
Event: 7.945 Thread 0x0000000019478800 1413       3       sun.misc.ProxyGenerator::access$600 (5 bytes)
Event: 7.945 Thread 0x0000000019478800 nmethod 1413 0x000000000386f2d0 code [0x000000000386f440, 0x000000000386f670]
Event: 7.945 Thread 0x0000000019478800 1414       3       sun.misc.ProxyGenerator::getWordsPerType (18 bytes)
Event: 7.945 Thread 0x0000000019478800 nmethod 1414 0x0000000003875250 code [0x00000000038753a0, 0x0000000003875570]
Event: 7.945 Thread 0x0000000019478800 1415       3       sun.misc.ProxyGenerator$ProxyMethod::codeWrapArgument (171 bytes)

GC Heap History (2 events):
Event: 3.880 GC heap before
{Heap before GC invocations=1 (full 0):
 PSYoungGen      total 38400K, used 33280K [0x00000000d5980000, 0x00000000d8400000, 0x0000000100000000)
  eden space 33280K, 100% used [0x00000000d5980000,0x00000000d7a00000,0x00000000d7a00000)
  from space 5120K, 0% used [0x00000000d7f00000,0x00000000d7f00000,0x00000000d8400000)
  to   space 5120K, 0% used [0x00000000d7a00000,0x00000000d7a00000,0x00000000d7f00000)
 ParOldGen       total 87552K, used 0K [0x0000000080c00000, 0x0000000086180000, 0x00000000d5980000)
  object space 87552K, 0% used [0x0000000080c00000,0x0000000080c00000,0x0000000086180000)
 Metaspace       used 12547K, capacity 12802K, committed 12928K, reserved 1060864K
  class space    used 1488K, capacity 1577K, committed 1664K, reserved 1048576K
Event: 3.916 GC heap after
Heap after GC invocations=1 (full 0):
 PSYoungGen      total 38400K, used 5088K [0x00000000d5980000, 0x00000000d8400000, 0x0000000100000000)
  eden space 33280K, 0% used [0x00000000d5980000,0x00000000d5980000,0x00000000d7a00000)
  from space 5120K, 99% used [0x00000000d7a00000,0x00000000d7ef8218,0x00000000d7f00000)
  to   space 5120K, 0% used [0x00000000d7f00000,0x00000000d7f00000,0x00000000d8400000)
 ParOldGen       total 87552K, used 338K [0x0000000080c00000, 0x0000000086180000, 0x00000000d5980000)
  object space 87552K, 0% used [0x0000000080c00000,0x0000000080c54828,0x0000000086180000)
 Metaspace       used 12547K, capacity 12802K, committed 12928K, reserved 1060864K
  class space    used 1488K, capacity 1577K, committed 1664K, reserved 1048576K
}

Deoptimization events (10 events):
Event: 4.420 Thread 0x0000000002f2e800 Uncommon trap: reason=unstable_if action=reinterpret pc=0x00000000036c1bb4 method=java.util.Properties$LineReader.readLine()I @ 174
Event: 5.026 Thread 0x0000000002f2e800 Uncommon trap: reason=unstable_if action=reinterpret pc=0x00000000036cd1ec method=java.util.HashMap.putVal(ILjava/lang/Object;Ljava/lang/Object;ZZ)Ljava/lang/Object; @ 236
Event: 5.964 Thread 0x0000000002f2e800 Uncommon trap: reason=unstable_if action=reinterpret pc=0x00000000036ce03c method=java.io.WinNTFileSystem.normalize(Ljava/lang/String;)Ljava/lang/String; @ 128
Event: 6.220 Thread 0x0000000002f2e800 Uncommon trap: reason=unstable_if action=reinterpret pc=0x000000000375a580 method=java.io.ByteArrayInputStream.read()I @ 8
Event: 6.817 Thread 0x0000000002f2e800 Uncommon trap: reason=bimorphic action=maybe_recompile pc=0x0000000003795888 method=java.util.regex.Pattern$BmpCharProperty.match(Ljava/util/regex/Matcher;ILjava/lang/CharSequence;)Z @ 31
Event: 6.817 Thread 0x0000000002f2e800 Uncommon trap: reason=bimorphic action=maybe_recompile pc=0x0000000003795888 method=java.util.regex.Pattern$BmpCharProperty.match(Ljava/util/regex/Matcher;ILjava/lang/CharSequence;)Z @ 31
Event: 6.817 Thread 0x0000000002f2e800 Uncommon trap: reason=bimorphic action=maybe_recompile pc=0x0000000003795888 method=java.util.regex.Pattern$BmpCharProperty.match(Ljava/util/regex/Matcher;ILjava/lang/CharSequence;)Z @ 31
Event: 6.817 Thread 0x0000000002f2e800 Uncommon trap: reason=bimorphic action=maybe_recompile pc=0x0000000003795888 method=java.util.regex.Pattern$BmpCharProperty.match(Ljava/util/regex/Matcher;ILjava/lang/CharSequence;)Z @ 31
Event: 7.065 Thread 0x0000000002f2e800 Uncommon trap: reason=unstable_if action=reinterpret pc=0x00000000037ec4b8 method=java.util.jar.Manifest$FastInputStream.readLine([BII)I @ 87
Event: 7.785 Thread 0x0000000002f2e800 Uncommon trap: reason=unstable_if action=reinterpret pc=0x00000000038184a0 method=java.util.Arrays.equals([B[B)Z @ 2

Internal exceptions (10 events):
Event: 2.268 Thread 0x0000000002f2e800 Exception <a 'java/lang/ArrayIndexOutOfBoundsException'> (0x00000000d65fd068) thrown at [C:\re\workspace\8-2-build-windows-amd64-cygwin\jdk8u131\8869\hotspot\src\share\vm\runtime\sharedRuntime.cpp, line 605]
Event: 2.271 Thread 0x0000000002f2e800 Exception <a 'java/lang/ArrayIndexOutOfBoundsException'> (0x00000000d6603858) thrown at [C:\re\workspace\8-2-build-windows-amd64-cygwin\jdk8u131\8869\hotspot\src\share\vm\runtime\sharedRuntime.cpp, line 605]
Event: 2.280 Thread 0x0000000002f2e800 Exception <a 'java/lang/ArrayIndexOutOfBoundsException'> (0x00000000d660a0f8) thrown at [C:\re\workspace\8-2-build-windows-amd64-cygwin\jdk8u131\8869\hotspot\src\share\vm\runtime\sharedRuntime.cpp, line 605]
Event: 2.289 Thread 0x0000000002f2e800 Exception <a 'java/lang/ArrayIndexOutOfBoundsException'> (0x00000000d6615810) thrown at [C:\re\workspace\8-2-build-windows-amd64-cygwin\jdk8u131\8869\hotspot\src\share\vm\runtime\sharedRuntime.cpp, line 605]
Event: 2.315 Thread 0x0000000002f2e800 Exception <a 'java/lang/ArrayIndexOutOfBoundsException'> (0x00000000d662bc30) thrown at [C:\re\workspace\8-2-build-windows-amd64-cygwin\jdk8u131\8869\hotspot\src\share\vm\runtime\sharedRuntime.cpp, line 605]
Event: 2.317 Thread 0x0000000002f2e800 Exception <a 'java/lang/ArrayIndexOutOfBoundsException'> (0x00000000d66339c8) thrown at [C:\re\workspace\8-2-build-windows-amd64-cygwin\jdk8u131\8869\hotspot\src\share\vm\runtime\sharedRuntime.cpp, line 605]
Event: 2.320 Thread 0x0000000002f2e800 Exception <a 'java/lang/ArrayIndexOutOfBoundsException'> (0x00000000d663bdc0) thrown at [C:\re\workspace\8-2-build-windows-amd64-cygwin\jdk8u131\8869\hotspot\src\share\vm\runtime\sharedRuntime.cpp, line 605]
Event: 2.323 Thread 0x0000000002f2e800 Exception <a 'java/lang/ArrayIndexOutOfBoundsException': 68> (0x00000000d6644040) thrown at [C:\re\workspace\8-2-build-windows-amd64-cygwin\jdk8u131\8869\hotspot\src\share\vm\interpreter\interpreterRuntime.cpp, line 366]
Event: 3.348 Thread 0x0000000002f2e800 Exception <a 'java/lang/NoSuchFieldError': method resolution failed> (0x00000000d7667498) thrown at [C:\re\workspace\8-2-build-windows-amd64-cygwin\jdk8u131\8869\hotspot\src\share\vm\prims\methodHandles.cpp, line 1146]
Event: 3.354 Thread 0x0000000002f2e800 Exception <a 'java/lang/NoSuchFieldError': method resolution failed> (0x00000000d7674f68) thrown at [C:\re\workspace\8-2-build-windows-amd64-cygwin\jdk8u131\8869\hotspot\src\share\vm\prims\methodHandles.cpp, line 1146]

Events (10 events):
Event: 7.916 Thread 0x0000000002f2e800 DEOPT PACKING pc=0x000000000350137c sp=0x0000000002f0cc80
Event: 7.916 Thread 0x0000000002f2e800 DEOPT UNPACKING pc=0x00000000033d787f sp=0x0000000002f0caa0 mode 1
Event: 7.916 Thread 0x0000000002f2e800 DEOPT PACKING pc=0x0000000003501114 sp=0x0000000002f0ce10
Event: 7.916 Thread 0x0000000002f2e800 DEOPT UNPACKING pc=0x00000000033d787f sp=0x0000000002f0cc30 mode 1
Event: 7.917 loading class java/lang/reflect/Proxy$Key2
Event: 7.917 loading class java/lang/reflect/Proxy$Key2 done
Event: 7.917 loading class java/sql/RowId
Event: 7.917 loading class java/sql/RowId done
Event: 7.917 loading class java/sql/Ref
Event: 7.917 loading class java/sql/Ref done


Dynamic libraries:
0x00007ff63f0a0000 - 0x00007ff63f0d7000 	C:\Program Files\Java\jdk1.8.0_131\bin\java.exe
0x00007ffb763a0000 - 0x00007ffb7657b000 	C:\Windows\SYSTEM32\ntdll.dll
0x00007ffb74ac0000 - 0x00007ffb74b6e000 	C:\Windows\System32\KERNEL32.DLL
0x00007ffb72a90000 - 0x00007ffb72cd9000 	C:\Windows\System32\KERNELBASE.dll
0x00007ffb74e10000 - 0x00007ffb74eb1000 	C:\Windows\System32\ADVAPI32.dll
0x00007ffb74ec0000 - 0x00007ffb74f5d000 	C:\Windows\System32\msvcrt.dll
0x00007ffb73ac0000 - 0x00007ffb73b19000 	C:\Windows\System32\sechost.dll
0x00007ffb74090000 - 0x00007ffb741b5000 	C:\Windows\System32\RPCRT4.dll
0x00007ffb73ed0000 - 0x00007ffb7401a000 	C:\Windows\System32\USER32.dll
0x00007ffb72d80000 - 0x00007ffb72d9e000 	C:\Windows\System32\win32u.dll
0x00007ffb74d80000 - 0x00007ffb74da7000 	C:\Windows\System32\GDI32.dll
0x00007ffb73010000 - 0x00007ffb73199000 	C:\Windows\System32\gdi32full.dll
0x00007ffb72ce0000 - 0x00007ffb72d7a000 	C:\Windows\System32\msvcp_win.dll
0x00007ffb72f10000 - 0x00007ffb73006000 	C:\Windows\System32\ucrtbase.dll
0x00007ffb61a20000 - 0x00007ffb61c87000 	C:\Windows\WinSxS\amd64_microsoft.windows.common-controls_6595b64144ccf1df_6.0.15063.0_none_108e4f62dfe5d999\COMCTL32.dll
0x00007ffb73b20000 - 0x00007ffb73e19000 	C:\Windows\System32\combase.dll
0x00007ffb72da0000 - 0x00007ffb72e0a000 	C:\Windows\System32\bcryptPrimitives.dll
0x00007ffb73e20000 - 0x00007ffb73e4d000 	C:\Windows\System32\IMM32.DLL
0x00007ffb722e0000 - 0x00007ffb72311000 	C:\Windows\system32\nvinitx.dll
0x000000005d920000 - 0x000000005d9f2000 	C:\Program Files\Java\jdk1.8.0_131\jre\bin\msvcr100.dll
0x000000005d080000 - 0x000000005d91c000 	C:\Program Files\Java\jdk1.8.0_131\jre\bin\server\jvm.dll
0x00007ffb73ab0000 - 0x00007ffb73ab8000 	C:\Windows\System32\PSAPI.DLL
0x00007ffb696a0000 - 0x00007ffb696a9000 	C:\Windows\SYSTEM32\WSOCK32.dll
0x00007ffb74020000 - 0x00007ffb7408c000 	C:\Windows\System32\WS2_32.dll
0x00007ffb6b750000 - 0x00007ffb6b773000 	C:\Windows\SYSTEM32\WINMM.dll
0x00007ffb6bda0000 - 0x00007ffb6bdaa000 	C:\Windows\SYSTEM32\VERSION.dll
0x00007ffb6b720000 - 0x00007ffb6b74b000 	C:\Windows\SYSTEM32\WINMMBASE.dll
0x00007ffb72e10000 - 0x00007ffb72e59000 	C:\Windows\System32\cfgmgr32.dll
0x000000005f0a0000 - 0x000000005f0af000 	C:\Program Files\Java\jdk1.8.0_131\jre\bin\verify.dll
0x000000005e580000 - 0x000000005e5a9000 	C:\Program Files\Java\jdk1.8.0_131\jre\bin\java.dll
0x000000005d000000 - 0x000000005d035000 	C:\Program Files\Java\jdk1.8.0_131\jre\bin\jdwp.dll
0x000000005e400000 - 0x000000005e408000 	C:\Program Files\Java\jdk1.8.0_131\jre\bin\npt.dll
0x000000005f080000 - 0x000000005f096000 	C:\Program Files\Java\jdk1.8.0_131\jre\bin\zip.dll
0x00007ffb74f60000 - 0x00007ffb76397000 	C:\Windows\System32\SHELL32.dll
0x00007ffb74a10000 - 0x00007ffb74aba000 	C:\Windows\System32\shcore.dll
0x00007ffb731a0000 - 0x00007ffb73892000 	C:\Windows\System32\windows.storage.dll
0x00007ffb74bb0000 - 0x00007ffb74c01000 	C:\Windows\System32\shlwapi.dll
0x00007ffb728a0000 - 0x00007ffb728b1000 	C:\Windows\System32\kernel.appcore.dll
0x00007ffb72810000 - 0x00007ffb7285c000 	C:\Windows\System32\powrprof.dll
0x00007ffb72860000 - 0x00007ffb72875000 	C:\Windows\System32\profapi.dll
0x000000005e3f0000 - 0x000000005e3f9000 	C:\Program Files\Java\jdk1.8.0_131\jre\bin\dt_socket.dll
0x00007ffb72080000 - 0x00007ffb720dc000 	C:\Windows\system32\mswsock.dll
0x000000005e560000 - 0x000000005e57a000 	C:\Program Files\Java\jdk1.8.0_131\jre\bin\net.dll
0x00007ffb71e60000 - 0x00007ffb71f04000 	C:\Windows\SYSTEM32\DNSAPI.dll
0x00007ffb74ba0000 - 0x00007ffb74ba8000 	C:\Windows\System32\NSI.dll
0x00007ffb71e20000 - 0x00007ffb71e57000 	C:\Windows\SYSTEM32\IPHLPAPI.DLL
0x00007ffb6ab90000 - 0x00007ffb6ab9a000 	C:\Windows\System32\rasadhlp.dll
0x00007ffb6d550000 - 0x00007ffb6d5bb000 	C:\Windows\System32\fwpuclnt.dll
0x00007ffb723d0000 - 0x00007ffb723f5000 	C:\Windows\SYSTEM32\bcrypt.dll
0x000000005e440000 - 0x000000005e464000 	C:\Program Files\Java\jdk1.8.0_131\jre\bin\sunec.dll
0x00007ffb6e080000 - 0x00007ffb6e096000 	C:\Windows\SYSTEM32\dhcpcsvc6.DLL
0x00007ffb6e060000 - 0x00007ffb6e07a000 	C:\Windows\SYSTEM32\dhcpcsvc.DLL
0x000000005e510000 - 0x000000005e521000 	C:\Program Files\Java\jdk1.8.0_131\jre\bin\nio.dll
0x00007ffb72230000 - 0x00007ffb72247000 	C:\Windows\SYSTEM32\CRYPTSP.dll
0x00007ffb71ca0000 - 0x00007ffb71cd4000 	C:\Windows\system32\rsaenh.dll
0x00007ffb72740000 - 0x00007ffb72769000 	C:\Windows\SYSTEM32\USERENV.dll
0x00007ffb72220000 - 0x00007ffb7222b000 	C:\Windows\SYSTEM32\CRYPTBASE.dll
0x000000005cff0000 - 0x000000005cffb000 	C:\Program Files\Java\jdk1.8.0_131\jre\bin\sunmscapi.dll
0x00007ffb728c0000 - 0x00007ffb72a89000 	C:\Windows\System32\CRYPT32.dll
0x00007ffb72880000 - 0x00007ffb72891000 	C:\Windows\System32\MSASN1.dll

VM Arguments:
jvm_args: -agentlib:jdwp=transport=dt_socket,address=127.0.0.1:55448,suspend=y,server=n -ea -Didea.test.cyclic.buffer.size=1048576 -Dfile.encoding=UTF-8 
java_command: com.intellij.rt.execution.junit.JUnitStarter -ideVersion5 -junit4 sos.haruhi.test.PersonMapperTest,testAdd
java_class_path (initial): D:\Program\IntelliJ IDEA 2017.2.4\lib\idea_rt.jar;D:\Program\IntelliJ IDEA 2017.2.4\plugins\junit\lib\junit-rt.jar;D:\Program\IntelliJ IDEA 2017.2.4\plugins\junit\lib\junit5-rt.jar;C:\Program Files\Java\jdk1.8.0_131\jre\lib\charsets.jar;C:\Program Files\Java\jdk1.8.0_131\jre\lib\deploy.jar;C:\Program Files\Java\jdk1.8.0_131\jre\lib\ext\access-bridge-64.jar;C:\Program Files\Java\jdk1.8.0_131\jre\lib\ext\cldrdata.jar;C:\Program Files\Java\jdk1.8.0_131\jre\lib\ext\dnsns.jar;C:\Program Files\Java\jdk1.8.0_131\jre\lib\ext\jaccess.jar;C:\Program Files\Java\jdk1.8.0_131\jre\lib\ext\jfxrt.jar;C:\Program Files\Java\jdk1.8.0_131\jre\lib\ext\localedata.jar;C:\Program Files\Java\jdk1.8.0_131\jre\lib\ext\nashorn.jar;C:\Program Files\Java\jdk1.8.0_131\jre\lib\ext\sunec.jar;C:\Program Files\Java\jdk1.8.0_131\jre\lib\ext\sunjce_provider.jar;C:\Program Files\Java\jdk1.8.0_131\jre\lib\ext\sunmscapi.jar;C:\Program Files\Java\jdk1.8.0_131\jre\lib\ext\sunpkcs11.jar;C:\Program Files\Java\jdk1.8.0_131\jre\lib\ext\zipfs.jar;C:\Program Files\Java\jdk1.8.0_131\jre\lib\javaws.jar;C:\Program Files\Java\jdk1.8.0_131\jre\lib\jce.jar;C:\Program Files\Java\jdk1.8.0_131\jre\lib\jfr.jar;C:\Program Files\Java\jdk1.8.0_131\jre\lib\jfxswt.jar;C:\Program Files\Java\jdk1.8.0_131\jre\lib\jsse.jar;C:\Program Files\Java\jdk1.8.0_131\jre\lib\management-agent.jar;C:\Program Files\Java\jdk1.8.0_131\jre\lib\plugin.jar;C:\Program Files\Java\jdk1.8.0_131\jre\lib\resources.jar;C:\Program Files\Java\jdk1.8.0_131\jre\lib\rt.jar;S:\Venus\mybatiss\target\test-classes;S:\apache-maven-3.5.0\responsity\junit\junit\4.11\junit-4.11.jar;S:\apache-maven-3.5.0\responsity\org\hamcrest\hamcrest-core\1.3\hamcrest-core-1.3.jar;S:\apache-maven-3.5.0\responsity\org\mybatis\mybatis\3.4.6\mybatis-3.4.6.jar;S:\apache-maven-3.5.0\responsity\mysql\mysql-connector-java\8.0.11\mysql-connector-java-8.0.11.jar;S:\apache-maven-3.5.0\responsity\com\google\protobuf\protobuf-java\2.6.0\protobuf-java-2.6.0.jar;S:\apa
Launcher Type: SUN_STANDARD

Environment Variables:
JAVA_HOME=C:\Program Files\Java\jdk1.8.0_131
CLASSPATH=.;C:\Program Files\Java\jdk1.8.0_131\lib;C:\Program Files\Java\jdk1.8.0_131\lib\tools.jar
PATH=C:\Program Files\Microsoft MPI\Bin\;E:\Program\Oracle11g\product\11.2.0\dbhome_2\bin;C:\Windows\system32;C:\Windows;C:\Windows\System32\Wbem;C:\Windows\System32\WindowsPowerShell\v1.0\;C:\Program Files (x86)\Intel\OpenCL SDK\2.0\bin\x86;C:\Program Files (x86)\Intel\OpenCL SDK\2.0\bin\x64;"C:\Program Files\Java\jdk1.8.0_131\bin;C:\Program Files\Java\jdk1.8.0_131\jre\bin";D:\Program\TortoiseSVN-1.8.7\bin;D:\Program\mysql-5.7.19-winx64\bin;D:\Program\Node.js\;C:\Program Files\Microsoft SQL Server\130\Tools\Binn\;D:\Program\Git\cmd;C:\Users\SuzumiyaHaruhi\AppData\Local\Microsoft\WindowsApps;C:\Program Files (x86)\Microsoft VS Code\bin;C:\Users\SuzumiyaHaruhi\AppData\Roaming\npm;C:\Users\SuzumiyaHaruhi\AppData\Local\GitHubDesktop\bin
USERNAME=SuzumiyaHaruhi
OS=Windows_NT
PROCESSOR_IDENTIFIER=Intel64 Family 6 Model 42 Stepping 7, GenuineIntel



---------------  S Y S T E M  ---------------

OS: Windows 10.0 , 64 bit Build 15063 (10.0.15063.0)

CPU:total 4 (initial active 4) (2 cores per cpu, 2 threads per core) family 6 model 42 stepping 7, cmov, cx8, fxsr, mmx, sse, sse2, sse3, ssse3, sse4.1, sse4.2, popcnt, avx, aes, clmul, ht, tsc, tscinvbit

Memory: 4k page, physical 8335196k(1842388k free), swap 9383772k(3788k free)

vm_info: Java HotSpot(TM) 64-Bit Server VM (25.131-b11) for windows-amd64 JRE (1.8.0_131-b11), built on Mar 15 2017 01:23:53 by "java_re" with MS VC++ 10.0 (VS2010)

time: Thu Jun 14 19:38:49 2018
elapsed time: 7 seconds (0d 0h 0m 7s)

